<?xml version="1.0" encoding="UTF-8"?>
<!-- Generated by org.testng.reporters.JUnitXMLReporter -->
<testsuite hostname="Jimbis-MacBook-Pro.local" ignored="0" name="Default test" tests="3" failures="0" timestamp="13 Aug 2020 11:20:39 GMT" time="9.048" errors="0">
  <testcase name="T01_StatusCodeTest" time="3.03" classname="TestDifinication.BasicApiTest"/>
  <testcase name="T02_GetClients" time="2.731" classname="TestDifinication.BasicApiTest"/>
  <testcase name="T03_GetAndroidModelPackageOptions" time="2.796" classname="TestDifinication.BasicApiTest"/>
</testsuite> <!-- Default test -->
