<?xml version="1.0" encoding="UTF-8"?>
<!-- Generated by org.testng.reporters.JUnitXMLReporter -->
<testsuite hostname="Jimbis-MacBook-Pro.local" ignored="0" name="Surefire test" tests="1" failures="1" timestamp="13 Aug 2020 12:09:00 GMT" time="3.381" errors="0">
  <testcase name="ApiTesting on ApiTesting(runners.runner)" time="1.562" classname="runners.runner">
    <failure type="java.net.ConnectException" message="Connection refused (Connection refused)">
      <![CDATA[java.net.ConnectException: Connection refused (Connection refused)at org.apache.http.conn.scheme.PlainSocketFactory.connectSocket(PlainSocketFactory.java:121)at org.apache.http.impl.conn.DefaultClientConnectionOperator.openConnection(DefaultClientConnectionOperator.java:180)at org.apache.http.impl.conn.ManagedClientConnectionImpl.open(ManagedClientConnectionImpl.java:326)at org.apache.http.impl.client.DefaultRequestDirector.tryConnect(DefaultRequestDirector.java:610)at org.apache.http.impl.client.DefaultRequestDirector.execute(DefaultRequestDirector.java:445)at org.apache.http.impl.client.AbstractHttpClient.doExecute(AbstractHttpClient.java:835)at org.apache.http.impl.client.CloseableHttpClient.execute(CloseableHttpClient.java:83)at org.apache.http.impl.client.CloseableHttpClient.execute(CloseableHttpClient.java:56)at groovy.lang.MetaMethod.doMethodInvoke(MetaMethod.java:326)at groovy.lang.MetaClassImpl.invokeMethod(MetaClassImpl.java:1217)at groovy.lang.MetaClassImpl.invokeMethod(MetaClassImpl.java:1041)at groovy.lang.MetaClassImpl.invokeMethod(MetaClassImpl.java:821)at groovy.lang.MetaMethod.doMethodInvoke(MetaMethod.java:326)at groovy.lang.MetaClassImpl.invokeMethod(MetaClassImpl.java:1217)at groovy.lang.MetaClassImpl.invokeMethod(MetaClassImpl.java:1041)at groovy.lang.MetaClassImpl.invokeMethod(MetaClassImpl.java:821)at groovy.lang.MetaMethod.doMethodInvoke(MetaMethod.java:326)at groovy.lang.MetaClassImpl.invokeMethod(MetaClassImpl.java:1217)at groovy.lang.MetaClassImpl.invokeMethod(MetaClassImpl.java:1041)at groovy.lang.MetaClassImpl.invokeMethod(MetaClassImpl.java:821)at utils.ApiUtils.getResponsebyPath(ApiUtils.java:44)at TestDifinication.BasicApiTest.T01_StatusCodeTest(BasicApiTest.java:14)at runners.runner.ApiTesting(runner.java:19)]]>
    </failure>
  </testcase> <!-- ApiTesting on ApiTesting(runners.runner) -->
</testsuite> <!-- Surefire test -->
