<?xml version="1.0" encoding="UTF-8"?>
<testng-results skipped="0" failed="0" ignored="0" total="3" passed="3">
  <reporter-output>
  </reporter-output>
  <suite name="Default suite" duration-ms="9048" started-at="2020-08-13T11:20:30Z" finished-at="2020-08-13T11:20:39Z">
    <groups>
    </groups>
    <test name="Default test" duration-ms="9048" started-at="2020-08-13T11:20:30Z" finished-at="2020-08-13T11:20:39Z">
      <class name="TestDifinication.BasicApiTest">
        <test-method status="PASS" signature="setup()[pri:0, instance:TestDifinication.BasicApiTest@80ec1f8]" name="setup" is-config="true" duration-ms="472" started-at="2020-08-13T18:20:30Z" finished-at="2020-08-13T18:20:31Z">
          <reporter-output>
          </reporter-output>
        </test-method> <!-- setup -->
        <test-method status="PASS" signature="T01_StatusCodeTest()[pri:0, instance:TestDifinication.BasicApiTest@80ec1f8]" name="T01_StatusCodeTest" duration-ms="3030" started-at="2020-08-13T18:20:31Z" finished-at="2020-08-13T18:20:34Z">
          <reporter-output>
          </reporter-output>
        </test-method> <!-- T01_StatusCodeTest -->
        <test-method status="PASS" signature="T02_GetClients()[pri:0, instance:TestDifinication.BasicApiTest@80ec1f8]" name="T02_GetClients" duration-ms="2731" started-at="2020-08-13T18:20:34Z" finished-at="2020-08-13T18:20:37Z">
          <reporter-output>
          </reporter-output>
        </test-method> <!-- T02_GetClients -->
        <test-method status="PASS" signature="T03_GetAndroidModelPackageOptions()[pri:0, instance:TestDifinication.BasicApiTest@80ec1f8]" name="T03_GetAndroidModelPackageOptions" duration-ms="2796" started-at="2020-08-13T18:20:37Z" finished-at="2020-08-13T18:20:39Z">
          <reporter-output>
          </reporter-output>
        </test-method> <!-- T03_GetAndroidModelPackageOptions -->
        <test-method status="PASS" signature="afterTest()[pri:0, instance:TestDifinication.BasicApiTest@80ec1f8]" name="afterTest" is-config="true" duration-ms="1" started-at="2020-08-13T18:20:39Z" finished-at="2020-08-13T18:20:39Z">
          <reporter-output>
          </reporter-output>
        </test-method> <!-- afterTest -->
      </class> <!-- TestDifinication.BasicApiTest -->
    </test> <!-- Default test -->
  </suite> <!-- Default suite -->
</testng-results>
