<?xml version="1.0" encoding="UTF-8"?>
<testng-results skipped="0" failed="0" ignored="0" total="1" passed="1">
  <reporter-output>
  </reporter-output>
  <suite name="Surefire suite" duration-ms="4973" started-at="2020-08-24T07:32:11Z" finished-at="2020-08-24T07:32:16Z">
    <groups>
    </groups>
    <test name="Surefire test" duration-ms="4973" started-at="2020-08-24T07:32:11Z" finished-at="2020-08-24T07:32:16Z">
      <class name="runners.runner">
        <test-method status="PASS" signature="ApiTesting()" name="ApiTesting" duration-ms="2980" started-at="2020-08-24T14:32:12Z" finished-at="2020-08-24T14:32:15Z">
          <reporter-output>
          </reporter-output>
        </test-method> <!-- ApiTesting -->
      </class> <!-- runners.runner -->
    </test> <!-- Surefire test -->
  </suite> <!-- Surefire suite -->
</testng-results>
