<?xml version="1.0" encoding="UTF-8"?><testsuite errors="1" failures="0" name="runners.runner" skipped="0" tests="1" time="1.42" timestamp="2020-08-13 07:08:57"><testcase classname="runners.runner" name="Api testing"><error message="Connection refused (Connection refused)" type="java.net.ConnectException">Connection refused (Connection refused)</error><system-err>Connection refused (Connection refused)
org.apache.http.conn.scheme.PlainSocketFactory.connectSocket(PlainSocketFactory.java:121)
org.apache.http.impl.conn.DefaultClientConnectionOperator.openConnection(DefaultClientConnectionOperator.java:180)
org.apache.http.impl.conn.ManagedClientConnectionImpl.open(ManagedClientConnectionImpl.java:326)
org.apache.http.impl.client.DefaultRequestDirector.tryConnect(DefaultRequestDirector.java:610)
org.apache.http.impl.client.DefaultRequestDirector.execute(DefaultRequestDirector.java:445)
org.apache.http.impl.client.AbstractHttpClient.doExecute(AbstractHttpClient.java:835)
org.apache.http.impl.client.CloseableHttpClient.execute(CloseableHttpClient.java:83)
org.apache.http.impl.client.CloseableHttpClient.execute(CloseableHttpClient.java:56)
groovy.lang.MetaMethod.doMethodInvoke(MetaMethod.java:326)
groovy.lang.MetaClassImpl.invokeMethod(MetaClassImpl.java:1217)
groovy.lang.MetaClassImpl.invokeMethod(MetaClassImpl.java:1041)
groovy.lang.MetaClassImpl.invokeMethod(MetaClassImpl.java:821)
groovy.lang.MetaMethod.doMethodInvoke(MetaMethod.java:326)
groovy.lang.MetaClassImpl.invokeMethod(MetaClassImpl.java:1217)
groovy.lang.MetaClassImpl.invokeMethod(MetaClassImpl.java:1041)
groovy.lang.MetaClassImpl.invokeMethod(MetaClassImpl.java:821)
groovy.lang.MetaMethod.doMethodInvoke(MetaMethod.java:326)
groovy.lang.MetaClassImpl.invokeMethod(MetaClassImpl.java:1217)
groovy.lang.MetaClassImpl.invokeMethod(MetaClassImpl.java:1041)
groovy.lang.MetaClassImpl.invokeMethod(MetaClassImpl.java:821)
utils.ApiUtils.getResponsebyPath(ApiUtils.java:44)
TestDifinication.BasicApiTest.T01_StatusCodeTest(BasicApiTest.java:14)
runners.runner.ApiTesting(runner.java:19)
</system-err></testcase></testsuite>